<?xml version="1.0" encoding="UTF-8"?>
<!-- Generated by org.testng.reporters.JUnitReportReporter -->
<testsuite hostname="EH-Host" failures="0" tests="3" name="TestNG.CourseT.skipDemoTest" time="0.025" errors="0" timestamp="2021-12-01T21:10:06 COT" skipped="3">
  <testcase classname="TestNG.CourseT.skipDemoTest" name="skipTest3" time="0.003">
    <skipped/>
  </testcase> <!-- skipTest3 -->
  <system-out/>
  <testcase classname="TestNG.CourseT.skipDemoTest" name="skipTest2" time="0.022">
    <skipped/>
  </testcase> <!-- skipTest2 -->
  <system-out/>
  <testcase classname="TestNG.CourseT.skipDemoTest" name="skipTest1">
    <skipped/>
  </testcase> <!-- skipTest1 -->
  <system-out/>
</testsuite> <!-- TestNG.CourseT.skipDemoTest -->
