<?xml version="1.0" encoding="UTF-8"?>
<!-- Generated by org.testng.reporters.JUnitReportReporter -->
<testsuite hostname="EN911705" failures="0" tests="3" name="TestNG.CourseT.GroupDemoTest" time="0.005" errors="0" timestamp="2022-04-18T12:19:01 COT" skipped="0">
  <testcase classname="TestNG.CourseT.GroupDemoTest" name="test3" time="0.003"/>
  <system-out/>
  <testcase classname="TestNG.CourseT.GroupDemoTest" name="test1" time="0.001"/>
  <system-out/>
  <testcase classname="TestNG.CourseT.GroupDemoTest" name="test2" time="0.001"/>
  <system-out/>
</testsuite> <!-- TestNG.CourseT.GroupDemoTest -->
