<?xml version="1.0" encoding="UTF-8"?>
<!-- Generated by org.testng.reporters.JUnitReportReporter -->
<testsuite hostname="EN911705" failures="0" tests="2" name="TestNG.CourseT.Login" time="0.002" errors="0" timestamp="2022-04-18T12:19:01 COT" skipped="0">
  <testcase classname="TestNG.CourseT.Login" name="loginTest" time="0.001"/>
  <system-out/>
  <testcase classname="TestNG.CourseT.Login" name="logOutTest" time="0.001"/>
  <system-out/>
</testsuite> <!-- TestNG.CourseT.Login -->
