<?xml version="1.0" encoding="UTF-8"?>
<!-- Generated by org.testng.reporters.JUnitReportReporter -->
<testsuite hostname="EH-Host" failures="0" tests="4" name="TestNG.CourseT.GroupDemoTest2" time="0.010" errors="0" timestamp="2021-12-01T21:51:39 COT" skipped="0">
  <testcase classname="TestNG.CourseT.GroupDemoTest2" name="test3" time="0.006"/>
  <system-out/>
  <testcase classname="TestNG.CourseT.GroupDemoTest2" name="test4" time="0.002"/>
  <system-out/>
  <testcase classname="TestNG.CourseT.GroupDemoTest2" name="test1" time="0.001"/>
  <system-out/>
  <testcase classname="TestNG.CourseT.GroupDemoTest2" name="test2" time="0.001"/>
  <system-out/>
</testsuite> <!-- TestNG.CourseT.GroupDemoTest2 -->
