<?xml version="1.0" encoding="UTF-8"?>
<!-- Generated by org.testng.reporters.JUnitReportReporter -->
<testsuite hostname="EH-Host" failures="0" tests="1" name="TestNG.CourseT.Login" time="0.005" errors="0" timestamp="2021-12-01T21:33:17 COT" skipped="0">
  <testcase classname="TestNG.CourseT.Login" name="loginTest" time="0.005"/>
  <system-out/>
</testsuite> <!-- TestNG.CourseT.Login -->
