<?xml version="1.0" encoding="UTF-8"?>
<!-- Generated by org.testng.reporters.JUnitReportReporter -->
<testsuite hostname="EH-Host" failures="0" tests="4" name="TestNG.CourseT.GroupDemoTest" time="0.038" errors="0" timestamp="2021-12-01T21:33:17 COT" skipped="0">
  <testcase classname="TestNG.CourseT.GroupDemoTest" name="test3" time="0.023"/>
  <system-out/>
  <testcase classname="TestNG.CourseT.GroupDemoTest" name="test4" time="0.005"/>
  <system-out/>
  <testcase classname="TestNG.CourseT.GroupDemoTest" name="test1" time="0.005"/>
  <system-out/>
  <testcase classname="TestNG.CourseT.GroupDemoTest" name="test2" time="0.005"/>
  <system-out/>
</testsuite> <!-- TestNG.CourseT.GroupDemoTest -->
